<?xml version="1.0" encoding="UTF-8"?>
<!-- Generated by org.testng.reporters.JUnitReportReporter -->
<testsuite hostname="Baek" failures="0" tests="1" name="Tranggle_App.Front_Popup_Close" time="12.246" errors="0" timestamp="2023-08-25T19:25:14 KST" skipped="0">
  <testcase classname="Tranggle_App.Front_Popup_Close" name="Front_Popup_Close_Test" time="12.246"/>
  <system-out/>
</testsuite> <!-- Tranggle_App.Front_Popup_Close -->
