<?xml version="1.0" encoding="UTF-8"?>
<!-- Generated by org.testng.reporters.JUnitReportReporter -->
<testsuite hostname="Baek" failures="0" tests="1" name="Tranggle_App.Do_not_Watch_Front_Popup_Check" time="23.086" errors="0" timestamp="2023-09-10T21:25:29 KST" skipped="0">
  <testcase classname="Tranggle_App.Do_not_Watch_Front_Popup_Check" name="Do_not_Watch_Front_Popup_Check_Test" time="23.086"/>
  <system-out/>
</testsuite> <!-- Tranggle_App.Do_not_Watch_Front_Popup_Check -->
