<?xml version="1.0" encoding="UTF-8"?>
<!-- Generated by org.testng.reporters.JUnitReportReporter -->
<testsuite hostname="Baek" failures="0" tests="1" name="Tranggle_App.App_Run" time="2.068" errors="0" timestamp="2023-09-02T19:59:08 KST" skipped="0">
  <testcase classname="Tranggle_App.App_Run" name="App_Run_Test" time="2.068"/>
  <system-out/>
</testsuite> <!-- Tranggle_App.App_Run -->
