<?xml version="1.0" encoding="UTF-8"?>
<!-- Generated by org.testng.reporters.JUnitReportReporter -->
<testsuite hostname="Baek" failures="0" tests="1" name="Tranggle_App.Naver_Login" time="12.933" errors="0" timestamp="2023-08-27T19:53:36 KST" skipped="0">
  <testcase classname="Tranggle_App.Naver_Login" name="Naver_Login_Test" time="12.933"/>
  <system-out/>
</testsuite> <!-- Tranggle_App.Naver_Login -->
