<?xml version="1.0" encoding="UTF-8"?>
<!-- Generated by org.testng.reporters.JUnitReportReporter -->
<testsuite hostname="Baek" failures="0" tests="1" name="Tranggle_App.App_Permission_Check" time="41.760" errors="0" timestamp="2023-09-02T19:59:08 KST" skipped="0">
  <testcase classname="Tranggle_App.App_Permission_Check" name="App_Permission_Check_Test" time="41.760"/>
  <system-out/>
</testsuite> <!-- Tranggle_App.App_Permission_Check -->
