<?xml version="1.0" encoding="UTF-8"?>
<!-- Generated by org.testng.reporters.JUnitReportReporter -->
<testsuite hostname="Baek" failures="0" tests="1" name="Tranggle_App.Try_Catch_Test" time="10.313" errors="0" timestamp="2023-07-23T16:13:35 KST" skipped="0">
  <testcase classname="Tranggle_App.Try_Catch_Test" name="Try_Catch_Test_1" time="10.313"/>
  <system-out/>
</testsuite> <!-- Tranggle_App.Try_Catch_Test -->
