<?xml version="1.0" encoding="UTF-8"?>
<!-- Generated by org.testng.reporters.JUnitReportReporter -->
<testsuite hostname="Baek" failures="0" tests="1" name="Tranggle_App.Normal_Login" time="10.493" errors="0" timestamp="2023-08-25T17:45:03 KST" skipped="0">
  <testcase classname="Tranggle_App.Normal_Login" name="Normal_Login_Test" time="10.493"/>
  <system-out/>
</testsuite> <!-- Tranggle_App.Normal_Login -->
