<?xml version="1.0" encoding="UTF-8"?>
<!-- Generated by org.testng.reporters.JUnitReportReporter -->
<testsuite hostname="Baek" failures="0" tests="1" name="Tranggle_App.Image_Compare_Check" time="9.491" errors="0" timestamp="2023-08-25T17:27:52 KST" skipped="0">
  <testcase classname="Tranggle_App.Image_Compare_Check" name="Image_Compare_Check_Test" time="9.491"/>
  <system-out/>
</testsuite> <!-- Tranggle_App.Image_Compare_Check -->
