<?xml version="1.0" encoding="UTF-8"?>
<!-- Generated by org.testng.reporters.JUnitReportReporter -->
<testsuite hostname="Baek" failures="0" tests="1" name="Tranggle_App.App_Permission_Check" time="39.804" errors="0" timestamp="2023-08-25T17:45:03 KST" skipped="0">
  <testcase classname="Tranggle_App.App_Permission_Check" name="App_Permission_Check_Test" time="39.804"/>
  <system-out/>
</testsuite> <!-- Tranggle_App.App_Permission_Check -->
