<?xml version="1.0" encoding="UTF-8"?>
<!-- Generated by org.testng.reporters.JUnitReportReporter -->
<testsuite hostname="Baek" failures="0" tests="1" name="Tranggle_App.Do_not_Watch_Front_Popup_Check" time="27.644" errors="0" timestamp="2023-09-02T19:59:08 KST" skipped="0">
  <testcase classname="Tranggle_App.Do_not_Watch_Front_Popup_Check" name="Do_not_Watch_Front_Popup_Check_Test" time="27.644"/>
  <system-out/>
</testsuite> <!-- Tranggle_App.Do_not_Watch_Front_Popup_Check -->
