<?xml version="1.0" encoding="UTF-8"?>
<!-- Generated by org.testng.reporters.JUnitReportReporter -->
<testsuite hostname="Baek" failures="0" tests="1" name="Tranggle_App.Logout" time="10.064" errors="0" timestamp="2023-08-19T19:20:39 KST" skipped="0">
  <testcase classname="Tranggle_App.Logout" name="Logout_Test" time="10.064"/>
  <system-out/>
</testsuite> <!-- Tranggle_App.Logout -->
