<?xml version="1.0" encoding="UTF-8"?>
<!-- Generated by org.testng.reporters.JUnitReportReporter -->
<testsuite hostname="Baek" failures="0" tests="1" name="Tranggle_App.App_Run" time="1.954" errors="0" timestamp="2023-08-25T19:25:14 KST" skipped="0">
  <testcase classname="Tranggle_App.App_Run" name="App_Run_Test" time="1.954"/>
  <system-out/>
</testsuite> <!-- Tranggle_App.App_Run -->
