<?xml version="1.0" encoding="UTF-8"?>
<!-- Generated by org.testng.reporters.JUnitReportReporter -->
<testsuite hostname="Baek" failures="0" tests="1" name="Tranggle_App.App_Permission_Check" time="37.926" errors="0" timestamp="2023-08-24T20:54:24 KST" skipped="0">
  <testcase classname="Tranggle_App.App_Permission_Check" name="App_Permission_Check_Test" time="37.926"/>
  <system-out/>
</testsuite> <!-- Tranggle_App.App_Permission_Check -->
