<?xml version="1.0" encoding="UTF-8"?>
<!-- Generated by org.testng.reporters.JUnitReportReporter -->
<testsuite hostname="Baek" failures="0" tests="1" name="Tranggle_App.App_Permission_Check" time="38.499" errors="0" timestamp="2023-09-10T21:17:45 KST" skipped="0">
  <testcase classname="Tranggle_App.App_Permission_Check" name="App_Permission_Check_Test" time="38.499"/>
  <system-out/>
</testsuite> <!-- Tranggle_App.App_Permission_Check -->
