<?xml version="1.0" encoding="UTF-8"?>
<!-- Generated by org.testng.reporters.JUnitReportReporter -->
<testsuite hostname="Baek" failures="0" tests="1" name="Tranggle_App.Tranggle_Exercise_Move" time="15.696" errors="0" timestamp="2023-09-10T21:25:29 KST" skipped="0">
  <testcase classname="Tranggle_App.Tranggle_Exercise_Move" name="Tranggle_Exercise_Move_Test" time="15.696"/>
  <system-out/>
</testsuite> <!-- Tranggle_App.Tranggle_Exercise_Move -->
