<?xml version="1.0" encoding="UTF-8"?>
<!-- Generated by org.testng.reporters.JUnitReportReporter -->
<testsuite hostname="Baek" failures="0" tests="1" name="Tranggle_App.Image_Compare_Check" time="5.835" errors="0" timestamp="2023-09-02T19:44:51 KST" skipped="0">
  <testcase classname="Tranggle_App.Image_Compare_Check" name="Image_Compare_Check_Test" time="5.835"/>
  <system-out/>
</testsuite> <!-- Tranggle_App.Image_Compare_Check -->
