<?xml version="1.0" encoding="UTF-8"?>
<!-- Generated by org.testng.reporters.JUnitReportReporter -->
<testsuite hostname="Baek" failures="0" tests="1" name="Tranggle_App.Normal_Login" time="10.171" errors="0" timestamp="2023-08-24T20:54:24 KST" skipped="0">
  <testcase classname="Tranggle_App.Normal_Login" name="Normal_Login_Test" time="10.171"/>
  <system-out/>
</testsuite> <!-- Tranggle_App.Normal_Login -->
